[12:46:27] [ServerMain/INFO]: Environment: Environment[sessionHost=https://sessionserver.mojang.com, servicesHost=https://api.minecraftservices.com, name=PROD]
[12:46:31] [ServerMain/INFO]: Loaded 1337 recipes
[12:46:31] [ServerMain/INFO]: Loaded 1448 advancements
[12:46:31] [Server thread/INFO]: Starting minecraft server version 1.21.3
[12:46:31] [Server thread/INFO]: Loading properties
[12:46:31] [Server thread/INFO]: Default game type: CREATIVE
[12:46:31] [Server thread/INFO]: Generating keypair
[12:46:31] [Server thread/INFO]: Starting Minecraft server on *:25565
[12:46:31] [Server thread/INFO]: Using epoll channel type
[12:46:31] [Server thread/WARN]: **** SERVER IS RUNNING IN OFFLINE/INSECURE MODE!
[12:46:31] [Server thread/WARN]: The server will make no attempt to authenticate usernames. Beware.
[12:46:31] [Server thread/WARN]: While this makes the game possible to play without internet access, it also opens up the ability for hackers to connect with any username they choose.
[12:46:31] [Server thread/WARN]: To change this, set "online-mode" to "true" in the server.properties file.
[12:46:31] [Server thread/INFO]: Preparing level "world"
[12:46:32] [Server thread/INFO]: Preparing start region for dimension minecraft:overworld
[12:46:34] [Worker-Main-3/INFO]: Preparing spawn area: 0%
[12:46:34] [Worker-Main-3/INFO]: Preparing spawn area: 0%
[12:46:34] [Worker-Main-3/INFO]: Preparing spawn area: 0%
[12:46:34] [Worker-Main-3/INFO]: Preparing spawn area: 0%
[12:46:34] [Worker-Main-3/INFO]: Preparing spawn area: 0%
[12:46:34] [Server thread/INFO]: Time elapsed: 2241 ms
[12:46:34] [Server thread/INFO]: Done (2.687s)! For help, type "help"
[12:46:34] [Server thread/INFO]: Starting remote control listener
[12:46:34] [Server thread/INFO]: Thread RCON Listener started
[12:46:34] [Server thread/INFO]: RCON running on 0.0.0.0:25575
[12:47:34] [Server thread/INFO]: Server empty for 60 seconds, pausing
[12:51:19] [Server thread/INFO]: superman[/172.20.0.1:44294] logged in with entity id 296 at (44.8485632943649, 133.3766803617616, -111.02598476546325)
[12:51:19] [Server thread/INFO]: superman joined the game
[13:29:07] [Server thread/INFO]: superman lost connection: Disconnected
[13:29:07] [Server thread/INFO]: superman left the game
[13:29:25] [RCON Listener #1/INFO]: Thread RCON Client /0:0:0:0:0:0:0:1 started
[13:29:25] [Server thread/INFO]: [Rcon: Stopping the server]
[13:29:25] [RCON Client /0:0:0:0:0:0:0:1 #2/INFO]: Thread RCON Client /0:0:0:0:0:0:0:1 shutting down
[13:29:25] [Server thread/INFO]: Stopping server
[13:29:25] [Server thread/INFO]: Saving players
[13:29:25] [Server thread/INFO]: Saving worlds
[13:29:25] [Server thread/INFO]: Saving chunks for level 'ServerLevel[world]'/minecraft:overworld
[13:29:25] [Server thread/INFO]: Saving chunks for level 'ServerLevel[world]'/minecraft:the_end
[13:29:25] [Server thread/INFO]: Saving chunks for level 'ServerLevel[world]'/minecraft:the_nether
[13:29:25] [Server thread/INFO]: ThreadedAnvilChunkStorage (world): All chunks are saved
[13:29:25] [Server thread/INFO]: ThreadedAnvilChunkStorage (DIM1): All chunks are saved
[13:29:25] [Server thread/INFO]: ThreadedAnvilChunkStorage (DIM-1): All chunks are saved
[13:29:25] [Server thread/INFO]: ThreadedAnvilChunkStorage: All dimensions are saved
[13:29:25] [Server thread/INFO]: Thread RCON Listener stopped
